Traceback (most recent call last):
  File "C:\Users\Ella Metcalfe\anaconda3\lib\site-packages\jupyter_cache\executors\utils.py", line 51, in single_nb_execution
    executenb(
  File "C:\Users\Ella Metcalfe\anaconda3\lib\site-packages\nbclient\client.py", line 1263, in execute
    return NotebookClient(nb=nb, resources=resources, km=km, **kwargs).execute()
  File "C:\Users\Ella Metcalfe\anaconda3\lib\site-packages\nbclient\util.py", line 85, in wrapped
    return just_run(coro(*args, **kwargs))
  File "C:\Users\Ella Metcalfe\anaconda3\lib\site-packages\nbclient\util.py", line 60, in just_run
    return loop.run_until_complete(coro)
  File "C:\Users\Ella Metcalfe\anaconda3\lib\asyncio\base_events.py", line 647, in run_until_complete
    return future.result()
  File "C:\Users\Ella Metcalfe\anaconda3\lib\site-packages\nbclient\client.py", line 701, in async_execute
    await self.async_execute_cell(
  File "C:\Users\Ella Metcalfe\anaconda3\lib\site-packages\nbclient\client.py", line 1019, in async_execute_cell
    await self._check_raise_for_error(cell, cell_index, exec_reply)
  File "C:\Users\Ella Metcalfe\anaconda3\lib\site-packages\nbclient\client.py", line 913, in _check_raise_for_error
    raise CellExecutionError.from_cell_and_msg(cell, exec_reply_content)
nbclient.exceptions.CellExecutionError: An error occurred while executing the following cell:
------------------
def dxdt(t,x,r,C):
  return r*x*(1-x/C)

tRange=[-10,10]; x0=0.0001
t,x=eulerf(dxdt,x0,tRange,r=1.5,C=74)

plt.plot(t,x)
plt.xlim(tRange)
plt.xlabel('t')
plt.show()
------------------

[1;31m---------------------------------------------------------------------------[0m
[1;31mNameError[0m                                 Traceback (most recent call last)
[1;32m~\AppData\Local\Temp\ipykernel_26716\3495917100.py[0m in [0;36m<cell line: 7>[1;34m()[0m
[0;32m      5[0m [0mt[0m[1;33m,[0m[0mx[0m[1;33m=[0m[0meulerf[0m[1;33m([0m[0mdxdt[0m[1;33m,[0m[0mx0[0m[1;33m,[0m[0mtRange[0m[1;33m,[0m[0mr[0m[1;33m=[0m[1;36m1.5[0m[1;33m,[0m[0mC[0m[1;33m=[0m[1;36m74[0m[1;33m)[0m[1;33m[0m[1;33m[0m[0m
[0;32m      6[0m [1;33m[0m[0m
[1;32m----> 7[1;33m [0mplt[0m[1;33m.[0m[0mplot[0m[1;33m([0m[0mt[0m[1;33m,[0m[0mx[0m[1;33m)[0m[1;33m[0m[1;33m[0m[0m
[0m[0;32m      8[0m [0mplt[0m[1;33m.[0m[0mxlim[0m[1;33m([0m[0mtRange[0m[1;33m)[0m[1;33m[0m[1;33m[0m[0m
[0;32m      9[0m [0mplt[0m[1;33m.[0m[0mxlabel[0m[1;33m([0m[1;34m't'[0m[1;33m)[0m[1;33m[0m[1;33m[0m[0m

[1;31mNameError[0m: name 'plt' is not defined
NameError: name 'plt' is not defined

